<?xml version="1.0" encoding="UTF-8"?>
<testng-results ignored="0" total="1" passed="1" failed="0" skipped="0">
  <reporter-output>
  </reporter-output>
  <suite started-at="2025-04-19T19:51:11 IST" name="Default suite" finished-at="2025-04-19T19:51:25 IST" duration-ms="13882">
    <groups>
    </groups>
    <test started-at="2025-04-19T19:51:11 IST" name="Default test" finished-at="2025-04-19T19:51:25 IST" duration-ms="13882">
      <class name="Demo.JenkinsTest">
        <test-method signature="m1()[pri:0, instance:Demo.JenkinsTest@5f8edcc5]" started-at="2025-04-19T19:51:11 IST" name="m1" finished-at="2025-04-19T19:51:25 IST" duration-ms="13833" status="PASS">
          <reporter-output>
          </reporter-output>
        </test-method> <!-- m1 -->
      </class> <!-- Demo.JenkinsTest -->
    </test> <!-- Default test -->
  </suite> <!-- Default suite -->
</testng-results>
